Analysis & Synthesis report for sistemaDeControle
Fri Dec  4 09:40:24 2020
Quartus Prime Version 20.1.0 Build 711 06/05/2020 SJ Lite Edition


---------------------
; Table of Contents ;
---------------------
  1. Legal Notice
  2. Analysis & Synthesis Summary
  3. Analysis & Synthesis Settings
  4. Parallel Compilation
  5. Analysis & Synthesis Source Files Read
  6. Analysis & Synthesis Resource Usage Summary
  7. Analysis & Synthesis Resource Utilization by Entity
  8. User-Specified and Inferred Latches
  9. Registers Removed During Synthesis
 10. General Register Statistics
 11. Post-Synthesis Netlist Statistics for Top Partition
 12. Elapsed Time Per Partition
 13. Analysis & Synthesis Messages



----------------
; Legal Notice ;
----------------
Copyright (C) 2020  Intel Corporation. All rights reserved.
Your use of Intel Corporation's design tools, logic functions 
and other software and tools, and any partner logic 
functions, and any output files from any of the foregoing 
(including device programming or simulation files), and any 
associated documentation or information are expressly subject 
to the terms and conditions of the Intel Program License 
Subscription Agreement, the Intel Quartus Prime License Agreement,
the Intel FPGA IP License Agreement, or other applicable license
agreement, including, without limitation, that your use is for
the sole purpose of programming logic devices manufactured by
Intel and sold by Intel or its authorized distributors.  Please
refer to the applicable agreement for further details, at
https://fpgasoftware.intel.com/eula.



+-------------------------------------------------------------------------------+
; Analysis & Synthesis Summary                                                  ;
+---------------------------------+---------------------------------------------+
; Analysis & Synthesis Status     ; Successful - Fri Dec  4 09:40:24 2020       ;
; Quartus Prime Version           ; 20.1.0 Build 711 06/05/2020 SJ Lite Edition ;
; Revision Name                   ; sistemaDeControle                           ;
; Top-level Entity Name           ; sistemaDeControle                           ;
; Family                          ; Cyclone V                                   ;
; Logic utilization (in ALMs)     ; N/A                                         ;
; Total registers                 ; 24                                          ;
; Total pins                      ; 26                                          ;
; Total virtual pins              ; 0                                           ;
; Total block memory bits         ; 0                                           ;
; Total DSP Blocks                ; 0                                           ;
; Total HSSI RX PCSs              ; 0                                           ;
; Total HSSI PMA RX Deserializers ; 0                                           ;
; Total HSSI TX PCSs              ; 0                                           ;
; Total HSSI PMA TX Serializers   ; 0                                           ;
; Total PLLs                      ; 0                                           ;
; Total DLLs                      ; 0                                           ;
+---------------------------------+---------------------------------------------+


+---------------------------------------------------------------------------------------------------------------------------+
; Analysis & Synthesis Settings                                                                                             ;
+---------------------------------------------------------------------------------+--------------------+--------------------+
; Option                                                                          ; Setting            ; Default Value      ;
+---------------------------------------------------------------------------------+--------------------+--------------------+
; Device                                                                          ; 5CSEMA5F31C6       ;                    ;
; Top-level entity name                                                           ; sistemaDeControle  ; sistemaDeControle  ;
; Family name                                                                     ; Cyclone V          ; Cyclone V          ;
; Use smart compilation                                                           ; Off                ; Off                ;
; Enable parallel Assembler and Timing Analyzer during compilation                ; On                 ; On                 ;
; Enable compact report table                                                     ; Off                ; Off                ;
; Restructure Multiplexers                                                        ; Auto               ; Auto               ;
; MLAB Add Timing Constraints For Mixed-Port Feed-Through Mode Setting Don't Care ; Off                ; Off                ;
; Create Debugging Nodes for IP Cores                                             ; Off                ; Off                ;
; Preserve fewer node names                                                       ; On                 ; On                 ;
; Intel FPGA IP Evaluation Mode                                                   ; Enable             ; Enable             ;
; Verilog Version                                                                 ; Verilog_2001       ; Verilog_2001       ;
; VHDL Version                                                                    ; VHDL_1993          ; VHDL_1993          ;
; State Machine Processing                                                        ; Auto               ; Auto               ;
; Safe State Machine                                                              ; Off                ; Off                ;
; Extract Verilog State Machines                                                  ; On                 ; On                 ;
; Extract VHDL State Machines                                                     ; On                 ; On                 ;
; Ignore Verilog initial constructs                                               ; Off                ; Off                ;
; Iteration limit for constant Verilog loops                                      ; 5000               ; 5000               ;
; Iteration limit for non-constant Verilog loops                                  ; 250                ; 250                ;
; Add Pass-Through Logic to Inferred RAMs                                         ; On                 ; On                 ;
; Infer RAMs from Raw Logic                                                       ; On                 ; On                 ;
; Parallel Synthesis                                                              ; On                 ; On                 ;
; DSP Block Balancing                                                             ; Auto               ; Auto               ;
; NOT Gate Push-Back                                                              ; On                 ; On                 ;
; Power-Up Don't Care                                                             ; On                 ; On                 ;
; Remove Redundant Logic Cells                                                    ; Off                ; Off                ;
; Remove Duplicate Registers                                                      ; On                 ; On                 ;
; Ignore CARRY Buffers                                                            ; Off                ; Off                ;
; Ignore CASCADE Buffers                                                          ; Off                ; Off                ;
; Ignore GLOBAL Buffers                                                           ; Off                ; Off                ;
; Ignore ROW GLOBAL Buffers                                                       ; Off                ; Off                ;
; Ignore LCELL Buffers                                                            ; Off                ; Off                ;
; Ignore SOFT Buffers                                                             ; On                 ; On                 ;
; Limit AHDL Integers to 32 Bits                                                  ; Off                ; Off                ;
; Optimization Technique                                                          ; Balanced           ; Balanced           ;
; Carry Chain Length                                                              ; 70                 ; 70                 ;
; Auto Carry Chains                                                               ; On                 ; On                 ;
; Auto Open-Drain Pins                                                            ; On                 ; On                 ;
; Perform WYSIWYG Primitive Resynthesis                                           ; Off                ; Off                ;
; Auto ROM Replacement                                                            ; On                 ; On                 ;
; Auto RAM Replacement                                                            ; On                 ; On                 ;
; Auto DSP Block Replacement                                                      ; On                 ; On                 ;
; Auto Shift Register Replacement                                                 ; Auto               ; Auto               ;
; Allow Shift Register Merging across Hierarchies                                 ; Auto               ; Auto               ;
; Auto Clock Enable Replacement                                                   ; On                 ; On                 ;
; Strict RAM Replacement                                                          ; Off                ; Off                ;
; Allow Synchronous Control Signals                                               ; On                 ; On                 ;
; Force Use of Synchronous Clear Signals                                          ; Off                ; Off                ;
; Auto Resource Sharing                                                           ; Off                ; Off                ;
; Allow Any RAM Size For Recognition                                              ; Off                ; Off                ;
; Allow Any ROM Size For Recognition                                              ; Off                ; Off                ;
; Allow Any Shift Register Size For Recognition                                   ; Off                ; Off                ;
; Use LogicLock Constraints during Resource Balancing                             ; On                 ; On                 ;
; Ignore translate_off and synthesis_off directives                               ; Off                ; Off                ;
; Timing-Driven Synthesis                                                         ; On                 ; On                 ;
; Report Parameter Settings                                                       ; On                 ; On                 ;
; Report Source Assignments                                                       ; On                 ; On                 ;
; Report Connectivity Checks                                                      ; On                 ; On                 ;
; Ignore Maximum Fan-Out Assignments                                              ; Off                ; Off                ;
; Synchronization Register Chain Length                                           ; 3                  ; 3                  ;
; Power Optimization During Synthesis                                             ; Normal compilation ; Normal compilation ;
; HDL message level                                                               ; Level2             ; Level2             ;
; Suppress Register Optimization Related Messages                                 ; Off                ; Off                ;
; Number of Removed Registers Reported in Synthesis Report                        ; 5000               ; 5000               ;
; Number of Swept Nodes Reported in Synthesis Report                              ; 5000               ; 5000               ;
; Number of Inverted Registers Reported in Synthesis Report                       ; 100                ; 100                ;
; Clock MUX Protection                                                            ; On                 ; On                 ;
; Auto Gated Clock Conversion                                                     ; Off                ; Off                ;
; Block Design Naming                                                             ; Auto               ; Auto               ;
; SDC constraint protection                                                       ; Off                ; Off                ;
; Synthesis Effort                                                                ; Auto               ; Auto               ;
; Shift Register Replacement - Allow Asynchronous Clear Signal                    ; On                 ; On                 ;
; Pre-Mapping Resynthesis Optimization                                            ; Off                ; Off                ;
; Analysis & Synthesis Message Level                                              ; Medium             ; Medium             ;
; Disable Register Merging Across Hierarchies                                     ; Auto               ; Auto               ;
; Resource Aware Inference For Block RAM                                          ; On                 ; On                 ;
; Automatic Parallel Synthesis                                                    ; On                 ; On                 ;
; Partial Reconfiguration Bitstream ID                                            ; Off                ; Off                ;
+---------------------------------------------------------------------------------+--------------------+--------------------+


+------------------------------------------+
; Parallel Compilation                     ;
+----------------------------+-------------+
; Processors                 ; Number      ;
+----------------------------+-------------+
; Number detected on machine ; 4           ;
; Maximum allowed            ; 2           ;
;                            ;             ;
; Average used               ; 1.00        ;
; Maximum used               ; 2           ;
;                            ;             ;
; Usage by Processor         ; % Time Used ;
;     Processor 1            ; 100.0%      ;
;     Processor 2            ;   0.0%      ;
+----------------------------+-------------+


+----------------------------------------------------------------------------------------------------------------------------------------------------------------------------+
; Analysis & Synthesis Source Files Read                                                                                                                                     ;
+----------------------------------+-----------------+------------------------------+------------------------------------------------------------------------------+---------+
; File Name with User-Entered Path ; Used in Netlist ; File Type                    ; File Name with Absolute Path                                                 ; Library ;
+----------------------------------+-----------------+------------------------------+------------------------------------------------------------------------------+---------+
; memory.sv                        ; yes             ; User SystemVerilog HDL File  ; /home/jeff/Documents/GitHub/projeto-LCL/projeto-Quartus/memory.sv            ;         ;
; core.sv                          ; yes             ; User SystemVerilog HDL File  ; /home/jeff/Documents/GitHub/projeto-LCL/projeto-Quartus/core.sv              ;         ;
; sistemaDeControle.sv             ; yes             ; User SystemVerilog HDL File  ; /home/jeff/Documents/GitHub/projeto-LCL/projeto-Quartus/sistemaDeControle.sv ;         ;
+----------------------------------+-----------------+------------------------------+------------------------------------------------------------------------------+---------+


+--------------------------------------------------------------------+
; Analysis & Synthesis Resource Usage Summary                        ;
+---------------------------------------------+----------------------+
; Resource                                    ; Usage                ;
+---------------------------------------------+----------------------+
; Estimate of Logic utilization (ALMs needed) ; 57                   ;
;                                             ;                      ;
; Combinational ALUT usage for logic          ; 89                   ;
;     -- 7 input functions                    ; 16                   ;
;     -- 6 input functions                    ; 0                    ;
;     -- 5 input functions                    ; 0                    ;
;     -- 4 input functions                    ; 0                    ;
;     -- <=3 input functions                  ; 73                   ;
;                                             ;                      ;
; Dedicated logic registers                   ; 24                   ;
;                                             ;                      ;
; I/O pins                                    ; 26                   ;
;                                             ;                      ;
; Total DSP Blocks                            ; 0                    ;
;                                             ;                      ;
; Maximum fan-out node                        ; core:u0|address_m[2] ;
; Maximum fan-out                             ; 24                   ;
; Total fan-out                               ; 434                  ;
; Average fan-out                             ; 2.63                 ;
+---------------------------------------------+----------------------+


+---------------------------------------------------------------------------------------------------------------------------------------------------------------------------------------------------------------+
; Analysis & Synthesis Resource Utilization by Entity                                                                                                                                                           ;
+----------------------------+---------------------+---------------------------+-------------------+------------+------+--------------+--------------------------------------+-------------------+--------------+
; Compilation Hierarchy Node ; Combinational ALUTs ; Dedicated Logic Registers ; Block Memory Bits ; DSP Blocks ; Pins ; Virtual Pins ; Full Hierarchy Name                  ; Entity Name       ; Library Name ;
+----------------------------+---------------------+---------------------------+-------------------+------------+------+--------------+--------------------------------------+-------------------+--------------+
; |sistemaDeControle         ; 89 (0)              ; 24 (0)                    ; 0                 ; 0          ; 26   ; 0            ; |sistemaDeControle                   ; sistemaDeControle ; work         ;
;    |core:u0|               ; 89 (1)              ; 24 (24)                   ; 0                 ; 0          ; 0    ; 0            ; |sistemaDeControle|core:u0           ; core              ; work         ;
;       |memory:u0|          ; 88 (88)             ; 0 (0)                     ; 0                 ; 0          ; 0    ; 0            ; |sistemaDeControle|core:u0|memory:u0 ; memory            ; work         ;
+----------------------------+---------------------+---------------------------+-------------------+------------+------+--------------+--------------------------------------+-------------------+--------------+
Note: For table entries with two numbers listed, the numbers in parentheses indicate the number of resources of the given type used by the specific entity alone. The numbers listed outside of parentheses indicate the total resources of the given type used by the specific entity and all of its sub-entities in the hierarchy.


+---------------------------------------------------------------------------------------------------------+
; User-Specified and Inferred Latches                                                                     ;
+-----------------------------------------------------+--------------------------+------------------------+
; Latch Name                                          ; Latch Enable Signal      ; Free of Timing Hazards ;
+-----------------------------------------------------+--------------------------+------------------------+
; core:u0|memory:u0|memory~40                         ; core:u0|memory:u0|memory ; yes                    ;
; core:u0|memory:u0|memory~56                         ; core:u0|memory:u0|memory ; yes                    ;
; core:u0|memory:u0|memory~32                         ; core:u0|memory:u0|memory ; yes                    ;
; core:u0|memory:u0|memory~48                         ; core:u0|memory:u0|memory ; yes                    ;
; core:u0|memory:u0|memory~41                         ; core:u0|memory:u0|memory ; yes                    ;
; core:u0|memory:u0|memory~57                         ; core:u0|memory:u0|memory ; yes                    ;
; core:u0|memory:u0|memory~33                         ; core:u0|memory:u0|memory ; yes                    ;
; core:u0|memory:u0|memory~49                         ; core:u0|memory:u0|memory ; yes                    ;
; core:u0|memory:u0|memory~42                         ; core:u0|memory:u0|memory ; yes                    ;
; core:u0|memory:u0|memory~58                         ; core:u0|memory:u0|memory ; yes                    ;
; core:u0|memory:u0|memory~34                         ; core:u0|memory:u0|memory ; yes                    ;
; core:u0|memory:u0|memory~50                         ; core:u0|memory:u0|memory ; yes                    ;
; core:u0|memory:u0|memory~43                         ; core:u0|memory:u0|memory ; yes                    ;
; core:u0|memory:u0|memory~59                         ; core:u0|memory:u0|memory ; yes                    ;
; core:u0|memory:u0|memory~35                         ; core:u0|memory:u0|memory ; yes                    ;
; core:u0|memory:u0|memory~51                         ; core:u0|memory:u0|memory ; yes                    ;
; core:u0|memory:u0|memory~44                         ; core:u0|memory:u0|memory ; yes                    ;
; core:u0|memory:u0|memory~60                         ; core:u0|memory:u0|memory ; yes                    ;
; core:u0|memory:u0|memory~36                         ; core:u0|memory:u0|memory ; yes                    ;
; core:u0|memory:u0|memory~52                         ; core:u0|memory:u0|memory ; yes                    ;
; core:u0|memory:u0|memory~45                         ; core:u0|memory:u0|memory ; yes                    ;
; core:u0|memory:u0|memory~61                         ; core:u0|memory:u0|memory ; yes                    ;
; core:u0|memory:u0|memory~37                         ; core:u0|memory:u0|memory ; yes                    ;
; core:u0|memory:u0|memory~53                         ; core:u0|memory:u0|memory ; yes                    ;
; core:u0|memory:u0|memory~46                         ; core:u0|memory:u0|memory ; yes                    ;
; core:u0|memory:u0|memory~62                         ; core:u0|memory:u0|memory ; yes                    ;
; core:u0|memory:u0|memory~38                         ; core:u0|memory:u0|memory ; yes                    ;
; core:u0|memory:u0|memory~54                         ; core:u0|memory:u0|memory ; yes                    ;
; core:u0|memory:u0|memory~47                         ; core:u0|memory:u0|memory ; yes                    ;
; core:u0|memory:u0|memory~63                         ; core:u0|memory:u0|memory ; yes                    ;
; core:u0|memory:u0|memory~39                         ; core:u0|memory:u0|memory ; yes                    ;
; core:u0|memory:u0|memory~55                         ; core:u0|memory:u0|memory ; yes                    ;
; core:u0|memory:u0|memory~8                          ; core:u0|memory:u0|memory ; yes                    ;
; core:u0|memory:u0|memory~24                         ; core:u0|memory:u0|memory ; yes                    ;
; core:u0|memory:u0|memory~0                          ; core:u0|memory:u0|memory ; yes                    ;
; core:u0|memory:u0|memory~16                         ; core:u0|memory:u0|memory ; yes                    ;
; core:u0|memory:u0|memory~9                          ; core:u0|memory:u0|memory ; yes                    ;
; core:u0|memory:u0|memory~25                         ; core:u0|memory:u0|memory ; yes                    ;
; core:u0|memory:u0|memory~1                          ; core:u0|memory:u0|memory ; yes                    ;
; core:u0|memory:u0|memory~17                         ; core:u0|memory:u0|memory ; yes                    ;
; core:u0|memory:u0|memory~10                         ; core:u0|memory:u0|memory ; yes                    ;
; core:u0|memory:u0|memory~26                         ; core:u0|memory:u0|memory ; yes                    ;
; core:u0|memory:u0|memory~2                          ; core:u0|memory:u0|memory ; yes                    ;
; core:u0|memory:u0|memory~18                         ; core:u0|memory:u0|memory ; yes                    ;
; core:u0|memory:u0|memory~11                         ; core:u0|memory:u0|memory ; yes                    ;
; core:u0|memory:u0|memory~27                         ; core:u0|memory:u0|memory ; yes                    ;
; core:u0|memory:u0|memory~3                          ; core:u0|memory:u0|memory ; yes                    ;
; core:u0|memory:u0|memory~19                         ; core:u0|memory:u0|memory ; yes                    ;
; core:u0|memory:u0|memory~12                         ; core:u0|memory:u0|memory ; yes                    ;
; core:u0|memory:u0|memory~28                         ; core:u0|memory:u0|memory ; yes                    ;
; core:u0|memory:u0|memory~4                          ; core:u0|memory:u0|memory ; yes                    ;
; core:u0|memory:u0|memory~20                         ; core:u0|memory:u0|memory ; yes                    ;
; core:u0|memory:u0|memory~13                         ; core:u0|memory:u0|memory ; yes                    ;
; core:u0|memory:u0|memory~29                         ; core:u0|memory:u0|memory ; yes                    ;
; core:u0|memory:u0|memory~5                          ; core:u0|memory:u0|memory ; yes                    ;
; core:u0|memory:u0|memory~21                         ; core:u0|memory:u0|memory ; yes                    ;
; core:u0|memory:u0|memory~14                         ; core:u0|memory:u0|memory ; yes                    ;
; core:u0|memory:u0|memory~30                         ; core:u0|memory:u0|memory ; yes                    ;
; core:u0|memory:u0|memory~6                          ; core:u0|memory:u0|memory ; yes                    ;
; core:u0|memory:u0|memory~22                         ; core:u0|memory:u0|memory ; yes                    ;
; core:u0|memory:u0|memory~15                         ; core:u0|memory:u0|memory ; yes                    ;
; core:u0|memory:u0|memory~31                         ; core:u0|memory:u0|memory ; yes                    ;
; core:u0|memory:u0|memory~7                          ; core:u0|memory:u0|memory ; yes                    ;
; core:u0|memory:u0|memory~23                         ; core:u0|memory:u0|memory ; yes                    ;
; Number of user-specified and inferred latches = 64  ;                          ;                        ;
+-----------------------------------------------------+--------------------------+------------------------+
Note: All latches listed above may not be present at the end of synthesis due to various synthesis optimizations.


+--------------------------------------------------------------------------------+
; Registers Removed During Synthesis                                             ;
+---------------------------------------+----------------------------------------+
; Register name                         ; Reason for Removal                     ;
+---------------------------------------+----------------------------------------+
; core:u0|set_m                         ; Stuck at VCC due to stuck port data_in ;
; Total Number of Removed Registers = 1 ;                                        ;
+---------------------------------------+----------------------------------------+


+------------------------------------------------------+
; General Register Statistics                          ;
+----------------------------------------------+-------+
; Statistic                                    ; Value ;
+----------------------------------------------+-------+
; Total registers                              ; 24    ;
; Number of registers using Synchronous Clear  ; 0     ;
; Number of registers using Synchronous Load   ; 0     ;
; Number of registers using Asynchronous Clear ; 0     ;
; Number of registers using Asynchronous Load  ; 0     ;
; Number of registers using Clock Enable       ; 22    ;
; Number of registers using Preset             ; 0     ;
+----------------------------------------------+-------+


+-----------------------------------------------------+
; Post-Synthesis Netlist Statistics for Top Partition ;
+-----------------------+-----------------------------+
; Type                  ; Count                       ;
+-----------------------+-----------------------------+
; arriav_ff             ; 24                          ;
;     ENA               ; 22                          ;
;     plain             ; 2                           ;
; arriav_lcell_comb     ; 90                          ;
;     extend            ; 16                          ;
;         7 data inputs ; 16                          ;
;     normal            ; 74                          ;
;         0 data inputs ; 1                           ;
;         1 data inputs ; 1                           ;
;         3 data inputs ; 72                          ;
; boundary_port         ; 26                          ;
;                       ;                             ;
; Max LUT depth         ; 2.00                        ;
; Average LUT depth     ; 1.52                        ;
+-----------------------+-----------------------------+


+-------------------------------+
; Elapsed Time Per Partition    ;
+----------------+--------------+
; Partition Name ; Elapsed Time ;
+----------------+--------------+
; Top            ; 00:00:00     ;
+----------------+--------------+


+-------------------------------+
; Analysis & Synthesis Messages ;
+-------------------------------+
Info: *******************************************************************
Info: Running Quartus Prime Analysis & Synthesis
    Info: Version 20.1.0 Build 711 06/05/2020 SJ Lite Edition
    Info: Processing started: Fri Dec  4 09:40:13 2020
Info: Command: quartus_map --read_settings_files=on --write_settings_files=off sistemaDeControle -c sistemaDeControle
Warning (18236): Number of processors has not been specified which may cause overloading on shared machines.  Set the global assignment NUM_PARALLEL_PROCESSORS in your QSF to an appropriate value for best performance.
Info (20030): Parallel compilation is enabled and will use 2 of the 2 processors detected
Info (12021): Found 1 design units, including 1 entities, in source file memory.sv
    Info (12023): Found entity 1: memory File: /home/jeff/Documents/GitHub/projeto-LCL/projeto-Quartus/memory.sv Line: 1
Info (12021): Found 1 design units, including 1 entities, in source file core.sv
    Info (12023): Found entity 1: core File: /home/jeff/Documents/GitHub/projeto-LCL/projeto-Quartus/core.sv Line: 1
Info (12021): Found 1 design units, including 1 entities, in source file sistemaDeControle.sv
    Info (12023): Found entity 1: sistemaDeControle File: /home/jeff/Documents/GitHub/projeto-LCL/projeto-Quartus/sistemaDeControle.sv Line: 1
Info (12127): Elaborating entity "sistemaDeControle" for the top level hierarchy
Info (12128): Elaborating entity "core" for hierarchy "core:u0" File: /home/jeff/Documents/GitHub/projeto-LCL/projeto-Quartus/sistemaDeControle.sv Line: 17
Warning (10858): Verilog HDL warning at core.sv(12): object out_m used but never assigned File: /home/jeff/Documents/GitHub/projeto-LCL/projeto-Quartus/core.sv Line: 12
Warning (10030): Net "out_m" at core.sv(12) has no driver or initial value, using a default initial value '0' File: /home/jeff/Documents/GitHub/projeto-LCL/projeto-Quartus/core.sv Line: 12
Info (12128): Elaborating entity "memory" for hierarchy "core:u0|memory:u0" File: /home/jeff/Documents/GitHub/projeto-LCL/projeto-Quartus/core.sv Line: 20
Warning (13024): Output pins are stuck at VCC or GND
    Warning (13410): Pin "debug2[0]" is stuck at GND File: /home/jeff/Documents/GitHub/projeto-LCL/projeto-Quartus/sistemaDeControle.sv Line: 6
    Warning (13410): Pin "debug2[1]" is stuck at GND File: /home/jeff/Documents/GitHub/projeto-LCL/projeto-Quartus/sistemaDeControle.sv Line: 6
Info (286030): Timing-Driven Synthesis is running
Info (16010): Generating hard_block partition "hard_block:auto_generated_inst"
    Info (16011): Adding 0 node(s), including 0 DDIO, 0 PLL, 0 transceiver and 0 LCELL
Warning (21074): Design contains 2 input pin(s) that do not drive logic
    Warning (15610): No output dependent on input pin "KEY[0]" File: /home/jeff/Documents/GitHub/projeto-LCL/projeto-Quartus/sistemaDeControle.sv Line: 3
    Warning (15610): No output dependent on input pin "KEY[1]" File: /home/jeff/Documents/GitHub/projeto-LCL/projeto-Quartus/sistemaDeControle.sv Line: 3
Info (21057): Implemented 138 device resources after synthesis - the final resource count might be different
    Info (21058): Implemented 14 input pins
    Info (21059): Implemented 12 output pins
    Info (21061): Implemented 112 logic cells
Info: Quartus Prime Analysis & Synthesis was successful. 0 errors, 9 warnings
    Info: Peak virtual memory: 434 megabytes
    Info: Processing ended: Fri Dec  4 09:40:24 2020
    Info: Elapsed time: 00:00:11
    Info: Total CPU time (on all processors): 00:00:24


